<?xml version="1.0" encoding="UTF-8"?>
<!-- Generated by org.testng.reporters.JUnitReportReporter -->
<testsuite hostname="DESKTOP-QL5DTGM" failures="0" tests="1" name="bikes.BajajTest" time="0.011" errors="0" timestamp="2025-02-18T10:17:27 IST" skipped="0">
  <testcase classname="bikes.BajajTest" name="launchWebsite" time="0.011"/>
  <system-out>
    <![CDATA[Bajaj browser launched ]]>
  </system-out>
</testsuite> <!-- bikes.BajajTest -->
